<?xml version="1.0" encoding="UTF-8"?>
<!-- Generated by org.testng.reporters.JUnitReportReporter -->
<testsuite skipped="0" hostname="SAMSUNG-PC" name="qaclickacademy.SeleniumTest" tests="1" failures="0" timestamp="2020-04-28T11:32:03 IST" time="15.466" errors="0">
  <testcase name="Demo" time="15.466" classname="qaclickacademy.SeleniumTest"/>
  <system-out/>
</testsuite> <!-- qaclickacademy.SeleniumTest -->
