<?xml version="1.0" encoding="UTF-8"?>
<!-- Generated by org.testng.reporters.JUnitReportReporter -->
<testsuite skipped="0" hostname="SAMSUNG-PC" name="qaclickacademy.JavaTest" tests="1" failures="0" timestamp="2020-04-28T11:32:03 IST" time="0.001" errors="0">
  <testcase name="See" time="0.001" classname="qaclickacademy.JavaTest"/>
  <system-out/>
</testsuite> <!-- qaclickacademy.JavaTest -->
